<type 'numpy.ndarray'>
<type 'numpy.ndarray'>
train Data image shape :  (32, 32, 3, 73257)
train data output shape :  (73257, 1)
test data image shape :  (32, 32, 3, 26032)
test data output shape :  (26032, 1)
New train data image shape :  (73257, 32, 32, 3)
train data output shape :  (73257, 10)
test data output shape :  (26032, 10)
Initialized
cost at each step : 0 is : 2.6576
cost at each step : 500 is : 1.92077
cost at each step : 1000 is : 1.37282
cost at each step : 1500 is : 0.870127
cost at each step : 2000 is : 0.711635
cost at each step : 2500 is : 0.486733
cost at each step : 3000 is : 0.630811
cost at each step : 3500 is : 0.612623
cost at each step : 4000 is : 0.689234
cost at each step : 4500 is : 0.424147
cost at each step : 5000 is : 0.561107
cost at each step : 5500 is : 0.625011
cost at each step : 6000 is : 0.448621
cost at each step : 6500 is : 0.482624
cost at each step : 7000 is : 0.473487
cost at each step : 7500 is : 0.356364
cost at each step : 8000 is : 0.498098
cost at each step : 8500 is : 0.281976
cost at each step : 9000 is : 0.357416
cost at each step : 9500 is : 0.252303
cost at each step : 10000 is : 0.497836
cost at each step : 10500 is : 0.449012
cost at each step : 11000 is : 0.358522
cost at each step : 11500 is : 0.285492
cost at each step : 12000 is : 0.395516
cost at each step : 12500 is : 0.25675
cost at each step : 13000 is : 0.311785
cost at each step : 13500 is : 0.346169
cost at each step : 14000 is : 0.426077
cost at each step : 14500 is : 0.272177
cost at each step : 15000 is : 0.30715
cost at each step : 15500 is : 0.30222
cost at each step : 16000 is : 0.290662
cost at each step : 16500 is : 0.258701
cost at each step : 17000 is : 0.294812
cost at each step : 17500 is : 0.277403
cost at each step : 18000 is : 0.365175
cost at each step : 18500 is : 0.275363
cost at each step : 19000 is : 0.307067
cost at each step : 19500 is : 0.267246
cost at each step : 20000 is : 0.240689
cost at each step : 20500 is : 0.275802
cost at each step : 21000 is : 0.181096
cost at each step : 21500 is : 0.2127
cost at each step : 22000 is : 0.237906
cost at each step : 22500 is : 0.462042
cost at each step : 23000 is : 0.256202
cost at each step : 23500 is : 0.415456
cost at each step : 24000 is : 0.36995
cost at each step : 24500 is : 0.317184
cost at each step : 25000 is : 0.254055
cost at each step : 25500 is : 0.350063
cost at each step : 26000 is : 0.158022
cost at each step : 26500 is : 0.29065
cost at each step : 27000 is : 0.184727
cost at each step : 27500 is : 0.217466
cost at each step : 28000 is : 0.159578
cost at each step : 28500 is : 0.306664
cost at each step : 29000 is : 0.162781
cost at each step : 29500 is : 0.206243
cost at each step : 30000 is : 0.187358
cost at each step : 30500 is : 0.283236
cost at each step : 31000 is : 0.184029
cost at each step : 31500 is : 0.366909
cost at each step : 32000 is : 0.169825
cost at each step : 32500 is : 0.175509
cost at each step : 33000 is : 0.196755
cost at each step : 33500 is : 0.195132
cost at each step : 34000 is : 0.185456
cost at each step : 34500 is : 0.175545
cost at each step : 35000 is : 0.176949
cost at each step : 35500 is : 0.14594
cost at each step : 36000 is : 0.33098
cost at each step : 36500 is : 0.197402
cost at each step : 37000 is : 0.290938
cost at each step : 37500 is : 0.298807
cost at each step : 38000 is : 0.261421
cost at each step : 38500 is : 0.19854
cost at each step : 39000 is : 0.115448
cost at each step : 39500 is : 0.198216
cost at each step : 40000 is : 0.126958
cost at each step : 40500 is : 0.167211
cost at each step : 41000 is : 0.149497
cost at each step : 41500 is : 0.137184
cost at each step : 42000 is : 0.2285
cost at each step : 42500 is : 0.163846
cost at each step : 43000 is : 0.0905895
cost at each step : 43500 is : 0.121242
cost at each step : 44000 is : 0.170001
cost at each step : 44500 is : 0.148984
cost at each step : 45000 is : 0.144387
cost at each step : 45500 is : 0.13648
cost at each step : 46000 is : 0.100441
cost at each step : 46500 is : 0.124121
cost at each step : 47000 is : 0.138372
cost at each step : 47500 is : 0.326166
cost at each step : 48000 is : 0.231229
cost at each step : 48500 is : 0.182549
cost at each step : 49000 is : 0.0651341
cost at each step : 49500 is : 0.190509
accuracy of test data :  0.894822
